-------------------------------------------------------------------------------
Test set: br.ce.smartdocs.test.CT007ExcluirPastaManualmente
-------------------------------------------------------------------------------
Tests run: 2, Failures: 0, Errors: 2, Skipped: 0, Time elapsed: 99.17 sec <<< FAILURE! - in br.ce.smartdocs.test.CT007ExcluirPastaManualmente
teste2_ExcluirPasta(br.ce.smartdocs.test.CT007ExcluirPastaManualmente)  Time elapsed: 41.464 sec  <<< ERROR!
org.openqa.selenium.TimeoutException: Expected condition failed: waiting for element to be clickable: By.xpath: /html/body/div[2]/div[3]/ul/li[3] (tried for 5 second(s) with 500 milliseconds interval)
	at org.openqa.selenium.support.ui.ExpectedConditions.lambda$findElement$0(ExpectedConditions.java:896)
	at java.base/java.util.Optional.orElseThrow(Optional.java:408)
	at org.openqa.selenium.support.ui.ExpectedConditions.findElement(ExpectedConditions.java:895)
	at org.openqa.selenium.support.ui.ExpectedConditions.access$000(ExpectedConditions.java:44)
	at org.openqa.selenium.support.ui.ExpectedConditions$7.apply(ExpectedConditions.java:206)
	at org.openqa.selenium.support.ui.ExpectedConditions$7.apply(ExpectedConditions.java:202)
	at org.openqa.selenium.support.ui.ExpectedConditions$22.apply(ExpectedConditions.java:657)
	at org.openqa.selenium.support.ui.ExpectedConditions$22.apply(ExpectedConditions.java:654)
	at org.openqa.selenium.support.ui.FluentWait.until(FluentWait.java:248)
	at br.com.smartdocs.core.BasePage.esperaExplicita(BasePage.java:433)
	at br.com.smartdocs.core.BasePage.esperaExplicita(BasePage.java:437)
	at br.com.smartdocs.core.BasePage.esperaExplicitaEClica(BasePage.java:441)
	at br.ce.smartdocs.page.RepositorioCentralPage.clicarExcluirEmMenuContexto(RepositorioCentralPage.java:54)
	at br.ce.smartdocs.test.CT007ExcluirPastaManualmente.teste2_ExcluirPasta(CT007ExcluirPastaManualmente.java:31)

teste1_ExcluirSubpasta(br.ce.smartdocs.test.CT007ExcluirPastaManualmente)  Time elapsed: 57.706 sec  <<< ERROR!
org.openqa.selenium.TimeoutException: Expected condition failed: waiting for element to be clickable: By.xpath: /html/body/div[1]/div/div[2]/div[1]/div/div/ul/div[6]/div/div/div/div/div/ul/li/ul/div/div/li[3]/div/div[2]/div/p (tried for 5 second(s) with 500 milliseconds interval)
	at org.openqa.selenium.support.ui.ExpectedConditions.lambda$findElement$0(ExpectedConditions.java:896)
	at java.base/java.util.Optional.orElseThrow(Optional.java:408)
	at org.openqa.selenium.support.ui.ExpectedConditions.findElement(ExpectedConditions.java:895)
	at org.openqa.selenium.support.ui.ExpectedConditions.access$000(ExpectedConditions.java:44)
	at org.openqa.selenium.support.ui.ExpectedConditions$7.apply(ExpectedConditions.java:206)
	at org.openqa.selenium.support.ui.ExpectedConditions$7.apply(ExpectedConditions.java:202)
	at org.openqa.selenium.support.ui.ExpectedConditions$22.apply(ExpectedConditions.java:657)
	at org.openqa.selenium.support.ui.ExpectedConditions$22.apply(ExpectedConditions.java:654)
	at org.openqa.selenium.support.ui.FluentWait.until(FluentWait.java:248)
	at br.com.smartdocs.core.BasePage.esperaExplicita(BasePage.java:433)
	at br.com.smartdocs.core.BasePage.esperaExplicita(BasePage.java:437)
	at br.com.smartdocs.core.BasePage.esperaExplicitaEClica(BasePage.java:441)
	at br.ce.smartdocs.page.RepositorioCentralPage.expandirPastaValidacaoTeste(RepositorioCentralPage.java:34)
	at br.ce.smartdocs.test.CT007ExcluirPastaManualmente.teste1_ExcluirSubpasta(CT007ExcluirPastaManualmente.java:19)

